<?xml version="1.0" encoding="UTF-8"?>
<testsuite xmlns:xsi="http://www.w3.org/2001/XMLSchema-instance" xsi:noNamespaceSchemaLocation="https://maven.apache.org/surefire/maven-surefire-plugin/xsd/surefire-test-report.xsd" version="3.0.2" name="auca.ac.rw.LibraryBookManagementAPI.LibraryBookManagementApiApplicationTests" time="4.798" tests="1" errors="0" skipped="0" failures="0">
  <properties>
[...]
</properties>
  <testcase name="contextLoads" classname="auca.ac.rw.LibraryBookManagementAPI.LibraryBookManagementApiApplicationTests" time="1.177">
    <system-out><![CDATA[15:45:56.736 [main] INFO org.springframework.test.context.support.AnnotationConfigContextLoaderUtils -- Could not detect default configuration classes for test class [auca.ac.rw.LibraryBookManagementAPI.LibraryBookManagementApiApplicationTests]: LibraryBookManagementApiApplicationTests does not declare any static, non-private, non-final, nested classes annotated with @Configuration.
15:45:56.937 [main] INFO org.springframework.boot.test.context.SpringBootTestContextBootstrapper -- Found @SpringBootConfiguration auca.ac.rw.LibraryBookManagementAPI.LibraryBookManagementApiApplication for test class auca.ac.rw.LibraryBookManagementAPI.LibraryBookManagementApiApplicationTests

  .   ____          _            __ _ _
 /\\ / ___'_ __ _ _(_)_ __  __ _ \ \ \ \
( ( )\___ | '_ | '_| | '_ \/ _` | \ \ \ \
 \\/  ___)| |_)| | | | | || (_| |  ) ) ) )
  '  |____| .__|_| |_|_| |_\__, | / / / /
 =========|_|==============|___/=/_/_/_/

 :: Spring Boot ::                (v4.0.2)

2026-02-10T15:45:57.725+02:00  INFO 6652 --- [LibraryBookManagementAPI] [           main] LibraryBookManagementApiApplicationTests : Starting LibraryBookManagementApiApplicationTests using Java 17.0.17 with PID 6652 (started by HP in C:\All_Vscode_project\LibraryBookManagementAPI)
2026-02-10T15:45:57.725+02:00  INFO 6652 --- [LibraryBookManagementAPI] [           main] LibraryBookManagementApiApplicationTests : No active profile set, falling back to 1 default profile: "default"
2026-02-10T15:45:59.914+02:00  INFO 6652 --- [LibraryBookManagementAPI] [           main] LibraryBookManagementApiApplicationTests : Started LibraryBookManagementApiApplicationTests in 2.663 seconds (process running for 5.285)
]]></system-out>
  </testcase>
</testsuite>